[DEBUG] 2022-12-17 16:51:54.512 [main] TestNGRunner - chromehas been launched
[INFO ] 2022-12-17 16:51:54.544 [main] TestNGRunner - test has been started
[WARN ] 2022-12-17 16:52:19.144 [main] TestNGRunner - soft assertion failured observed
[INFO ] 2022-12-17 17:04:42.152 [main] TestNGRunner - Execution has started
[DEBUG] 2022-12-17 17:05:02.655 [main] TestNGRunner - chromehas been launched
[INFO ] 2022-12-17 17:05:02.664 [main] TestNGRunner - test has been started
[ERROR] 2022-12-17 17:05:02.690 [main] TestNGRunner - test has been skiped
[DEBUG] 2022-12-17 17:05:20.208 [main] TestNGRunner - chromehas been launched
[INFO ] 2022-12-17 17:05:20.209 [main] TestNGRunner - test has been started
[WARN ] 2022-12-17 17:05:43.101 [main] TestNGRunner - soft assertion failured observed
[DEBUG] 2022-12-17 17:06:00.391 [main] TestNGRunner - chromehas been launched
[INFO ] 2022-12-17 17:06:00.392 [main] TestNGRunner - test has been started
[WARN ] 2022-12-17 17:06:22.267 [main] TestNGRunner - soft assertion failured observed
[INFO ] 2022-12-17 17:26:42.621 [main] TestNGRunner - Execution has started
[DEBUG] 2022-12-17 17:27:24.783 [main] TestNGRunner - chromehas been launched
[INFO ] 2022-12-17 17:27:24.789 [main] TestNGRunner - test has been started
[ERROR] 2022-12-17 17:27:24.892 [main] TestNGRunner - test has been skiped
[DEBUG] 2022-12-17 17:27:42.340 [main] TestNGRunner - chromehas been launched
[INFO ] 2022-12-17 17:27:42.341 [main] TestNGRunner - test has been started
[WARN ] 2022-12-17 17:28:08.054 [main] TestNGRunner - soft assertion failured observed
[DEBUG] 2022-12-17 17:28:33.114 [main] TestNGRunner - chromehas been launched
[INFO ] 2022-12-17 17:28:33.116 [main] TestNGRunner - test has been started
[WARN ] 2022-12-17 17:28:56.025 [main] TestNGRunner - soft assertion failured observed
[INFO ] 2022-12-17 17:39:15.016 [main] TestNGRunner - Execution has started
[DEBUG] 2022-12-17 17:39:33.329 [main] TestNGRunner - chromehas been launched
[INFO ] 2022-12-17 17:39:33.343 [main] TestNGRunner - test has been started
