[ERROR] 2022-12-17 17:39:33.361 [main] TestNGRunner - test has been skiped
[DEBUG] 2022-12-17 17:39:52.485 [main] TestNGRunner - chromehas been launched
[INFO ] 2022-12-17 17:39:52.487 [main] TestNGRunner - test has been started
[WARN ] 2022-12-17 17:40:17.480 [main] TestNGRunner - soft assertion failured observed
[DEBUG] 2022-12-17 17:40:37.196 [main] TestNGRunner - chromehas been launched
[INFO ] 2022-12-17 17:40:37.199 [main] TestNGRunner - test has been started
[WARN ] 2022-12-17 17:41:03.069 [main] TestNGRunner - soft assertion failured observed
[INFO ] 2022-12-24 15:59:37.261 [main] TestNGRunner - Execution has started
[DEBUG] 2022-12-24 16:00:13.268 [main] TestNGRunner - chromehas been launched
[INFO ] 2022-12-24 16:00:13.279 [main] TestNGRunner - test has been started
[ERROR] 2022-12-24 16:00:13.366 [main] TestNGRunner - test has been skiped
[DEBUG] 2022-12-24 16:00:29.975 [main] TestNGRunner - chromehas been launched
[INFO ] 2022-12-24 16:00:29.976 [main] TestNGRunner - test has been started
[WARN ] 2022-12-24 16:00:57.497 [main] TestNGRunner - soft assertion failured observed
[DEBUG] 2022-12-24 16:01:21.387 [main] TestNGRunner - chromehas been launched
[INFO ] 2022-12-24 16:01:21.388 [main] TestNGRunner - test has been started
[WARN ] 2022-12-24 16:01:43.694 [main] TestNGRunner - soft assertion failured observed
[INFO ] 2022-12-24 16:06:47.814 [main] TestNGRunner - Execution has started
[DEBUG] 2022-12-24 16:07:10.157 [main] TestNGRunner - chromehas been launched
[INFO ] 2022-12-24 16:07:10.162 [main] TestNGRunner - test has been started
[ERROR] 2022-12-24 16:07:10.187 [main] TestNGRunner - test has been skiped
[DEBUG] 2022-12-24 16:07:27.115 [main] TestNGRunner - chromehas been launched
[INFO ] 2022-12-24 16:07:27.116 [main] TestNGRunner - test has been started
[WARN ] 2022-12-24 16:07:50.237 [main] TestNGRunner - soft assertion failured observed
[DEBUG] 2022-12-24 16:08:08.694 [main] TestNGRunner - chromehas been launched
[INFO ] 2022-12-24 16:08:08.696 [main] TestNGRunner - test has been started
