<?xml version="1.0" encoding="UTF-8"?>
<!-- Generated by org.testng.reporters.JUnitXMLReporter -->
<testsuite ignored="0" hostname="LAPTOP-TVBACTPP" failures="2" tests="3" name="Test" time="110.293" errors="0" timestamp="2022-12-17T17:41:04 IST">
  <testcase classname="com.edusoln.runner.TestNGRunner" name="testcase" time="0.23">
    <skipped/>
  </testcase> <!-- testcase -->
  <testcase classname="com.edusoln.runner.TestNGRunner" name="testcase" time="24.995">
    <failure type="java.lang.AssertionError" message="The following asserts failed:
	expected [true] but found [false],
	expected [Persona details] but found [Personal Details]">
      <![CDATA[java.lang.AssertionError: The following asserts failed:
expected [true] but found [false],
expected [Persona details] but found [Personal Details]
at com.edusoln.runner.TestNGRunner.testcase(TestNGRunner.java:73)
at java.base/java.util.ArrayList.forEach(ArrayList.java:1541)
... Removed 29 stack frames]]>
    </failure>
  </testcase> <!-- testcase -->
  <testcase classname="com.edusoln.runner.TestNGRunner" name="testcase" time="25.872">
    <failure type="java.lang.AssertionError" message="The following asserts failed:
	expected [true] but found [false],
	expected [Persona details] but found [Personal Details]">
      <![CDATA[java.lang.AssertionError: The following asserts failed:
expected [true] but found [false],
expected [Persona details] but found [Personal Details]
at com.edusoln.runner.TestNGRunner.testcase(TestNGRunner.java:73)
at java.base/java.util.ArrayList.forEach(ArrayList.java:1541)
... Removed 29 stack frames]]>
    </failure>
  </testcase> <!-- testcase -->
</testsuite> <!-- Test -->
